<?xml version="1.0" encoding="UTF-8"?>
<!-- Generated by org.testng.reporters.JUnitReportReporter -->
<testsuite skipped="0" hostname="DESKTOP-09AO3Q3" name="trifacta.TrifactaUIHomePageHeaderlinksTest" tests="1" failures="0" timestamp="12 Jul 2019 10:01:40 GMT" time="24.366" errors="0">
  <testcase name="VerifyHomePageHeaderlinks" time="24.366" classname="trifacta.TrifactaUIHomePageHeaderlinksTest"/>
</testsuite> <!-- trifacta.TrifactaUIHomePageHeaderlinksTest -->
