<?xml version="1.0" encoding="UTF-8"?>
<!-- Generated by org.testng.reporters.JUnitReportReporter -->
<testsuite skipped="0" hostname="DESKTOP-09AO3Q3" name="raisin.RaisinUIHomePageTest" tests="1" failures="0" timestamp="14 May 2019 14:38:35 GMT" time="67.249" errors="0">
  <testcase name="VerifyHomePage" time="67.249" classname="raisin.RaisinUIHomePageTest"/>
</testsuite> <!-- raisin.RaisinUIHomePageTest -->
