<?xml version="1.0" encoding="UTF-8"?>
<!-- Generated by org.testng.reporters.JUnitReportReporter -->
<testsuite skipped="0" hostname="DESKTOP-09AO3Q3" name="personio.PersonioUIHomePageHeaderlinksTest" tests="1" failures="0" timestamp="11 Jul 2019 12:52:18 GMT" time="61.077" errors="0">
  <testcase name="VerifyHomePageHeaderlinks" time="61.077" classname="personio.PersonioUIHomePageHeaderlinksTest"/>
</testsuite> <!-- personio.PersonioUIHomePageHeaderlinksTest -->
