<?xml version="1.0" encoding="UTF-8"?>
<!-- Generated by org.testng.reporters.JUnitReportReporter -->
<testsuite skipped="0" hostname="DESKTOP-09AO3Q3" name="personio.HomePageHeaderlinksTest" tests="1" failures="0" timestamp="10 Jul 2019 21:11:30 GMT" time="81.970" errors="0">
  <testcase name="VerifyHomePageHeaderlinks" time="81.970" classname="personio.HomePageHeaderlinksTest"/>
</testsuite> <!-- personio.HomePageHeaderlinksTest -->
