<?xml version="1.0" encoding="UTF-8"?>
<!-- Generated by org.testng.reporters.JUnitReportReporter -->
<testsuite skipped="0" hostname="DESKTOP-09AO3Q3" name="Academy.VerifyTitle" tests="1" failures="0" timestamp="12 May 2019 11:27:57 GMT" time="5.094" errors="0">
  <testcase name="ValidateAppTitle" time="5.094" classname="Academy.VerifyTitle"/>
</testsuite> <!-- Academy.VerifyTitle -->
