<?xml version="1.0" encoding="UTF-8"?>
<!-- Generated by org.testng.reporters.JUnitReportReporter -->
<testsuite skipped="0" hostname="DESKTOP-09AO3Q3" name="raisin.RaisinUIHomePageHeaderElementsTest" tests="1" failures="0" timestamp="14 May 2019 17:57:44 GMT" time="12.848" errors="0">
  <testcase name="VerifyHomePageHeaderSection" time="12.848" classname="raisin.RaisinUIHomePageHeaderElementsTest"/>
</testsuite> <!-- raisin.RaisinUIHomePageHeaderElementsTest -->
