<?xml version="1.0" encoding="UTF-8"?>
<!-- Generated by org.testng.reporters.JUnitReportReporter -->
<testsuite skipped="0" hostname="DESKTOP-09AO3Q3" name="Academy.ValidateNavigationbar" tests="1" failures="0" timestamp="12 May 2019 11:27:57 GMT" time="0.041" errors="0">
  <testcase name="ValidateAppNavbar" time="0.041" classname="Academy.ValidateNavigationbar"/>
</testsuite> <!-- Academy.ValidateNavigationbar -->
