<?xml version="1.0" encoding="UTF-8"?>
<!-- Generated by org.testng.reporters.JUnitReportReporter -->
<testsuite skipped="0" hostname="DESKTOP-09AO3Q3" name="raisin.VerifyMainMenuTest" tests="1" failures="0" timestamp="14 May 2019 10:44:47 GMT" time="17.174" errors="0">
  <testcase name="VerifyMenuElements" time="17.174" classname="raisin.VerifyMainMenuTest"/>
</testsuite> <!-- raisin.VerifyMainMenuTest -->
