<?xml version="1.0" encoding="UTF-8"?>
<!-- Generated by org.testng.reporters.JUnitReportReporter -->
<testsuite skipped="0" hostname="DESKTOP-09AO3Q3" name="Academy.HomepageTest" tests="2" failures="0" timestamp="14 May 2019 04:07:03 GMT" time="21.042" errors="0">
  <testcase name="basePageNavigation" time="13.120" classname="Academy.HomepageTest"/>
  <testcase name="basePageNavigation" time="7.922" classname="Academy.HomepageTest"/>
</testsuite> <!-- Academy.HomepageTest -->
